[29/04/2022, 22:23:17] - [ERROR] - Unhandled rejection: ReferenceError: module is not defined in ES module scope
This file is being treated as an ES module because it has a '.js' file extension and 'e:\Romaric\bots\Anomalies\package.json' contains "type": "module". To treat it as a CommonJS script, rename it to use the '.cjs' file extension. 
[29/04/2022, 22:24:30] - [ERROR] - Unhandled rejection: TypeError: Cannot read properties of undefined (reading 'once') 
[29/04/2022, 22:25:15] - [ERROR] - Unhandled rejection: SyntaxError: Cannot use import statement outside a module 
[29/04/2022, 22:27:10] - Bot Anomalies Bot#5092 lancé dans 3 serveurs.
[30/04/2022, 10:46:15] - Bot Anomalies Bot#5092 lancé dans 3 serveurs.
[30/04/2022, 11:01:05] - Bot Anomalies Bot#5092 lancé dans 3 serveurs.
[30/04/2022, 11:02:04] - Bot Anomalies Bot#5092 lancé dans 3 serveurs.
[30/04/2022, 11:02:17] - [ERROR] - Unhandled rejection: TypeError: Cannot read properties of undefined (reading 'type') 
[30/04/2022, 11:02:59] - Bot Anomalies Bot#5092 lancé dans 3 serveurs.
[30/04/2022, 11:03:08] - [ERROR] - Unhandled rejection: TypeError: Cannot read properties of undefined (reading 'send') 
[30/04/2022, 11:03:25] - Bot Anomalies Bot#5092 lancé dans 3 serveurs.
[30/04/2022, 11:03:29] - [ERROR] - Unhandled rejection: RangeError [MESSAGE_CONTENT_TYPE]: Message content must be a non-empty string. 
[30/04/2022, 11:03:29] - [ERROR] - Unhandled rejection: TypeError: modal.deferUpdate is not a function 
[30/04/2022, 11:04:26] - Bot Anomalies Bot#5092 lancé dans 3 serveurs.
[30/04/2022, 11:04:28] - [ERROR] - Unhandled rejection: RangeError [MESSAGE_CONTENT_TYPE]: Message content must be a non-empty string. 
[30/04/2022, 11:04:42] - Bot Anomalies Bot#5092 lancé dans 3 serveurs.
[30/04/2022, 11:06:51] - Bot Anomalies Bot#5092 lancé dans 3 serveurs.
[30/04/2022, 11:07:04] - [ERROR] - Unhandled rejection: DiscordAPIError: Interaction has already been acknowledged. 
[30/04/2022, 11:07:05] - [ERROR] - Unhandled rejection: DiscordAPIError: Unknown Message 
[30/04/2022, 11:07:25] - Bot Anomalies Bot#5092 lancé dans 3 serveurs.
[30/04/2022, 11:07:49] - Bot Anomalies Bot#5092 lancé dans 3 serveurs.
[30/04/2022, 11:08:35] - Bot Anomalies Bot#5092 lancé dans 3 serveurs.
[30/04/2022, 11:08:40] - [ERROR] - Unhandled rejection: TypeError [ERR_INVALID_CALLBACK]: Callback must be a function. Received Promise {
  <pending>,
  [Symbol(async_id_symbol)]: 1854,
  [Symbol(trigger_async_id_symbol)]: 1557,
  [Symbol(destroyed)]: { destroyed: false }
} 
[30/04/2022, 11:08:53] - Bot Anomalies Bot#5092 lancé dans 3 serveurs.
[30/04/2022, 11:09:42] - Bot Anomalies Bot#5092 lancé dans 3 serveurs.
[30/04/2022, 11:09:49] - [ERROR] - Unhandled rejection: Error [INTERACTION_EPHEMERAL_REPLIED]: Ephemeral responses cannot be deleted. 
[30/04/2022, 11:10:00] - Bot Anomalies Bot#5092 lancé dans 3 serveurs.
[01/05/2022, 10:47:26] - Bot Anomalies Bot#5092 lancé dans 3 serveurs.
[01/05/2022, 11:02:10] - Bot Anomalies Bot#5092 lancé dans 3 serveurs.
[01/05/2022, 11:02:42] - Bot Anomalies Bot#5092 lancé dans 3 serveurs.
[01/05/2022, 11:03:21] - [ERROR] - Unhandled rejection: TypeError [ERR_INVALID_ARG_TYPE]: The "data" argument must be of type string or an instance of Buffer, TypedArray, or DataView. Received undefined 
[01/05/2022, 11:04:40] - Bot Anomalies Bot#5092 lancé dans 3 serveurs.
[01/05/2022, 11:05:06] - [ERROR] - Unhandled rejection: TypeError [ERR_INVALID_ARG_TYPE]: The "data" argument must be of type string or an instance of Buffer, TypedArray, or DataView. Received undefined 
[01/05/2022, 11:06:42] - Bot Anomalies Bot#5092 lancé dans 3 serveurs.
[01/05/2022, 11:10:31] - Bot Anomalies Bot#5092 lancé dans 3 serveurs.
[01/05/2022, 11:11:04] - [ERROR] - Unhandled rejection: ReferenceError: fs is not defined 
[01/05/2022, 11:13:54] - Bot Anomalies Bot#5092 lancé dans 3 serveurs.
[01/05/2022, 11:15:12] - [ERROR] - Unhandled rejection: ReferenceError: fs is not defined 
[01/05/2022, 11:15:44] - Bot Anomalies Bot#5092 lancé dans 3 serveurs.
[01/05/2022, 11:15:46] - [ERROR] - Unhandled rejection: TypeError: fileDatas.filter is not a function 
[01/05/2022, 11:16:11] - Bot Anomalies Bot#5092 lancé dans 3 serveurs.
[01/05/2022, 11:17:56] - Bot Anomalies Bot#5092 lancé dans 3 serveurs.
[01/05/2022, 11:18:55] - Bot Anomalies Bot#5092 lancé dans 3 serveurs.
[01/05/2022, 11:19:44] - Bot Anomalies Bot#5092 lancé dans 3 serveurs.
[01/05/2022, 11:20:20] - Bot Anomalies Bot#5092 lancé dans 3 serveurs.
[01/05/2022, 14:17:18] - Bot Anomalies Bot#5092 lancé dans 3 serveurs.
[01/05/2022, 14:18:20] - Bot Anomalies Bot#5092 lancé dans 3 serveurs.
[01/05/2022, 14:18:44] - Bot Anomalies Bot#5092 lancé dans 3 serveurs.
[01/05/2022, 14:19:15] - Bot Anomalies Bot#5092 lancé dans 3 serveurs.
[01/05/2022, 14:20:16] - Bot Anomalies Bot#5092 lancé dans 3 serveurs.
[01/05/2022, 14:31:53] - Bot Anomalies Bot#5092 lancé dans 3 serveurs.
[01/05/2022, 14:31:55] - [ERROR] - Unhandled rejection: ReferenceError: discord is not defined 
[01/05/2022, 14:32:45] - Bot Anomalies Bot#5092 lancé dans 3 serveurs.
[01/05/2022, 14:32:51] - [ERROR] - Unhandled rejection: TypeError: discord.MessageActionRow is not a constructor 
[01/05/2022, 14:33:35] - Bot Anomalies Bot#5092 lancé dans 3 serveurs.
[01/05/2022, 14:33:52] - Bot Anomalies Bot#5092 lancé dans 3 serveurs.
[01/05/2022, 14:36:54] - Bot Anomalies Bot#5092 lancé dans 3 serveurs.
[01/05/2022, 14:48:24] - Bot Anomalies Bot#5092 lancé dans 3 serveurs.
[01/05/2022, 14:48:28] - [ERROR] - Unhandled rejection: RangeError [MESSAGE_CONTENT_TYPE]: Message content must be a non-empty string. 
[01/05/2022, 14:48:42] - Bot Anomalies Bot#5092 lancé dans 3 serveurs.
[07/05/2022, 10:58:16] - Bot Anomalies Bot#5092 lancé dans 3 serveurs.
[07/05/2022, 10:58:16] - [ERROR] - Unhandled rejection: TypeError: t is not iterable 
[07/05/2022, 10:58:16] - [ERROR] - Unhandled rejection: Error: ENOENT: no such file or directory, open 'datas/settings.json' 
[07/05/2022, 10:59:15] - Bot Anomalies Bot#5092 lancé dans 3 serveurs.
[07/05/2022, 10:59:15] - [ERROR] - Unhandled rejection: TypeError: t is not iterable 
[07/05/2022, 10:59:15] - [ERROR] - Unhandled rejection: Error: ENOENT: no such file or directory, open 'datas/settings.json' 
[07/05/2022, 11:00:11] - Bot Anomalies Bot#5092 lancé dans 3 serveurs.
[07/05/2022, 11:00:52] - Bot Anomalies Bot#5092 lancé dans 3 serveurs.
[07/05/2022, 11:01:15] - Bot Anomalies Bot#5092 lancé dans 3 serveurs.
[07/05/2022, 11:02:01] - Bot Anomalies Bot#5092 lancé dans 3 serveurs.
[07/05/2022, 11:02:15] - Bot Anomalies Bot#5092 lancé dans 3 serveurs.
[07/05/2022, 11:02:43] - Bot Anomalies Bot#5092 lancé dans 3 serveurs.
[07/05/2022, 11:03:10] - Bot Anomalies Bot#5092 lancé dans 3 serveurs.
[07/05/2022, 11:03:32] - Bot Anomalies Bot#5092 lancé dans 3 serveurs.
[07/05/2022, 11:04:12] - Bot Anomalies Bot#5092 lancé dans 3 serveurs.
[07/05/2022, 11:04:34] - Bot Anomalies Bot#5092 lancé dans 3 serveurs.
[07/05/2022, 11:04:44] - Bot Anomalies Bot#5092 lancé dans 3 serveurs.
[07/05/2022, 11:04:59] - Bot Anomalies Bot#5092 lancé dans 3 serveurs.
[07/05/2022, 11:05:12] - Bot Anomalies Bot#5092 lancé dans 3 serveurs.
[07/05/2022, 11:05:31] - Bot Anomalies Bot#5092 lancé dans 3 serveurs.
[07/05/2022, 11:06:02] - Bot Anomalies Bot#5092 lancé dans 3 serveurs.
[07/05/2022, 11:06:45] - Bot Anomalies Bot#5092 lancé dans 3 serveurs.
[07/05/2022, 11:06:45] - [ERROR] - Unhandled rejection: ReferenceError: guildId is not defined 
[07/05/2022, 11:06:54] - Bot Anomalies Bot#5092 lancé dans 3 serveurs.
[07/05/2022, 11:07:47] - Bot Anomalies Bot#5092 lancé dans 3 serveurs.
[07/05/2022, 11:08:02] - Bot Anomalies Bot#5092 lancé dans 3 serveurs.
[07/05/2022, 11:08:58] - [ERROR] - Unhandled rejection: Error [DISALLOWED_INTENTS]: Privileged intent provided is not enabled or whitelisted. 
[07/05/2022, 11:10:15] - [ERROR] - Unhandled rejection: Error [DISALLOWED_INTENTS]: Privileged intent provided is not enabled or whitelisted. 
[07/05/2022, 11:12:40] - Bot Fenrir#5815 lancé dans 2 serveurs.
[07/05/2022, 11:12:40] - [ERROR] - Unhandled rejection: TypeError: Cannot read properties of undefined (reading 'channels') 
[07/05/2022, 11:12:54] - Bot Fenrir#5815 lancé dans 2 serveurs.
[07/05/2022, 11:13:01] - Bot Fenrir#5815 lancé dans 2 serveurs.
[07/05/2022, 11:13:02] - [ERROR] - Unhandled rejection: DiscordAPIError: Invalid Form Body
description: This field is required 
[07/05/2022, 11:14:01] - Bot Fenrir#5815 lancé dans 2 serveurs.
[07/05/2022, 11:14:01] - [ERROR] - Unhandled rejection: DiscordAPIError: Invalid Form Body
description: This field is required 
[07/05/2022, 11:14:18] - Bot Fenrir#5815 lancé dans 2 serveurs.
[07/05/2022, 11:14:18] - [ERROR] - Unhandled rejection: DiscordAPIError: Invalid Form Body
description: This field is required 
[07/05/2022, 11:15:08] - Bot Fenrir#5815 lancé dans 2 serveurs.
[07/05/2022, 11:16:27] - Bot Fenrir#5815 lancé dans 2 serveurs.
[07/05/2022, 11:16:48] - Bot Fenrir#5815 lancé dans 2 serveurs.
[07/05/2022, 11:17:24] - Bot Fenrir#5815 lancé dans 2 serveurs.
[07/05/2022, 11:17:56] - Bot Fenrir#5815 lancé dans 2 serveurs.
[07/05/2022, 11:19:28] - Bot Fenrir#5815 lancé dans 2 serveurs.
[07/05/2022, 11:19:52] - Bot Fenrir#5815 lancé dans 2 serveurs.
[07/05/2022, 11:20:17] - Bot Fenrir#5815 lancé dans 2 serveurs.
[07/05/2022, 14:45:00] - Bot Fenrir#5815 lancé dans 2 serveurs.
[07/05/2022, 19:12:29] - Bot Fenrir#5815 lancé dans 2 serveurs.
[07/05/2022, 19:12:57] - Bot Fenrir#5815 lancé dans 2 serveurs.
[07/05/2022, 19:13:13] - Bot Fenrir#5815 lancé dans 2 serveurs.
[07/05/2022, 19:14:47] - Bot Fenrir#5815 lancé dans 2 serveurs.
[07/05/2022, 19:14:58] - Bot Fenrir#5815 lancé dans 2 serveurs.
[07/05/2022, 19:15:25] - Bot Fenrir#5815 lancé dans 2 serveurs.
[07/05/2022, 19:24:32] - Bot Fenrir#5815 lancé dans 2 serveurs.
[07/05/2022, 19:32:49] - Bot Fenrir#5815 lancé dans 2 serveurs.
[07/05/2022, 19:32:59] - Bot Fenrir#5815 lancé dans 2 serveurs.
[07/05/2022, 21:26:34] - Bot Fenrir#5815 lancé dans 2 serveurs.
[07/05/2022, 21:29:42] - Bot Fenrir#5815 lancé dans 2 serveurs.
[07/05/2022, 21:38:03] - Bot Fenrir#5815 lancé dans 2 serveurs.
[07/05/2022, 21:38:12] - Bot Fenrir#5815 lancé dans 2 serveurs.
[07/05/2022, 21:38:25] - Bot Fenrir#5815 lancé dans 2 serveurs.
[07/05/2022, 21:38:35] - Bot Fenrir#5815 lancé dans 2 serveurs.
[07/05/2022, 21:38:54] - Bot Fenrir#5815 lancé dans 2 serveurs.
[07/05/2022, 21:39:52] - Bot Fenrir#5815 lancé dans 2 serveurs.
[07/05/2022, 21:40:37] - Bot Fenrir#5815 lancé dans 2 serveurs.
[07/05/2022, 21:40:59] - Bot Fenrir#5815 lancé dans 2 serveurs.
[07/05/2022, 21:41:33] - Bot Fenrir#5815 lancé dans 2 serveurs.
[07/05/2022, 21:44:08] - Bot Fenrir#5815 lancé dans 2 serveurs.
[07/05/2022, 21:44:17] - [ERROR] - Unhandled rejection: ReferenceError: client is not defined 
[07/05/2022, 21:44:32] - Bot Fenrir#5815 lancé dans 2 serveurs.
[07/05/2022, 21:45:30] - Bot Fenrir#5815 lancé dans 2 serveurs.
[07/05/2022, 21:46:59] - Bot Fenrir#5815 lancé dans 2 serveurs.
[07/05/2022, 21:47:03] - [ERROR] - Unhandled rejection: ReferenceError: message is not defined 
[07/05/2022, 21:47:15] - Bot Fenrir#5815 lancé dans 2 serveurs.
[07/05/2022, 21:48:07] - Bot Fenrir#5815 lancé dans 2 serveurs.
[07/05/2022, 21:48:29] - Bot Fenrir#5815 lancé dans 2 serveurs.
[07/05/2022, 21:48:54] - Bot Fenrir#5815 lancé dans 2 serveurs.
[07/05/2022, 22:22:48] - Bot Fenrir#5815 lancé dans 2 serveurs.
[07/05/2022, 22:22:48] - [ERROR] - Unhandled rejection: DiscordAPIError: Invalid Form Body
1.options[0].description: This field is required 
[07/05/2022, 22:23:04] - Bot Fenrir#5815 lancé dans 2 serveurs.
[07/05/2022, 22:23:58] - Bot Fenrir#5815 lancé dans 2 serveurs.
[07/05/2022, 22:25:17] - Bot Fenrir#5815 lancé dans 2 serveurs.
[07/05/2022, 22:25:17] - [ERROR] - Unhandled rejection: DiscordAPIError: Invalid Form Body
1.options[0].name: Command name is invalid
1.options[1].name: Command name is invalid 
[07/05/2022, 22:25:27] - Bot Fenrir#5815 lancé dans 2 serveurs.
[07/05/2022, 22:26:13] - Bot Fenrir#5815 lancé dans 2 serveurs.
[07/05/2022, 22:27:43] - Bot Fenrir#5815 lancé dans 2 serveurs.
[07/05/2022, 22:30:33] - Bot Fenrir#5815 lancé dans 2 serveurs.
[07/05/2022, 22:31:17] - Bot Fenrir#5815 lancé dans 2 serveurs.
[07/05/2022, 22:31:47] - Bot Fenrir#5815 lancé dans 2 serveurs.
[07/05/2022, 22:32:42] - Bot Fenrir#5815 lancé dans 2 serveurs.
[07/05/2022, 22:33:10] - Bot Fenrir#5815 lancé dans 2 serveurs.
[07/05/2022, 22:33:37] - Bot Fenrir#5815 lancé dans 2 serveurs.
[07/05/2022, 22:33:56] - Bot Fenrir#5815 lancé dans 2 serveurs.
[07/05/2022, 22:34:21] - Bot Fenrir#5815 lancé dans 2 serveurs.
[07/05/2022, 22:37:38] - [ERROR] - Unhandled rejection: Error [ERR_MODULE_NOT_FOUND]: Cannot find package '@discordjs/builder' imported from f:\Romaric\bots\Fenrir RPG\interactions\compte.js 
[07/05/2022, 22:37:58] - [ERROR] - Unhandled rejection: SyntaxError: The requested module '@discordjs/builders' does not provide an export named 'default' 
[07/05/2022, 22:38:28] - [ERROR] - Unhandled rejection: SyntaxError: The requested module '@discordjs/builders' does not provide an export named 'default' 
[07/05/2022, 22:39:26] - [ERROR] - Unhandled rejection: SyntaxError: The requested module '@discordjs/builders' does not provide an export named 'SlashCommandBuild' 
[07/05/2022, 22:40:08] - [ERROR] - Unhandled rejection: Error [ERR_PACKAGE_PATH_NOT_EXPORTED]: Package subpath './index.js' is not defined by "exports" in f:\Romaric\bots\Fenrir RPG\node_modules\@discordjs\builders\package.json imported from f:\Romaric\bots\Fenrir RPG\interactions\compte.js 
[07/05/2022, 22:41:15] - [ERROR] - Unhandled rejection: ReferenceError: folder is not defined 
[07/05/2022, 22:41:24] - Bot Fenrir#5815 lancé dans 2 serveurs.
[07/05/2022, 22:41:55] - Bot Fenrir#5815 lancé dans 2 serveurs.
[07/05/2022, 22:44:39] - Bot Fenrir#5815 lancé dans 2 serveurs.
[07/05/2022, 22:45:00] - Bot Fenrir#5815 lancé dans 2 serveurs.
[07/05/2022, 22:47:50] - Bot Fenrir#5815 lancé dans 2 serveurs.
[07/05/2022, 22:48:42] - Bot Fenrir#5815 lancé dans 2 serveurs.
[07/05/2022, 22:48:42] - [ERROR] - Unhandled rejection: TypeError: Cannot read properties of undefined (reading 'includes') 
[07/05/2022, 22:50:36] - Bot Fenrir#5815 lancé dans 2 serveurs.
[07/05/2022, 22:50:36] - [ERROR] - Unhandled rejection: SyntaxError: Unexpected token i in JSON at position 0 
[07/05/2022, 22:50:50] - [ERROR] - Unhandled rejection: SyntaxError: Unexpected token ')' 
[07/05/2022, 22:50:54] - Bot Fenrir#5815 lancé dans 2 serveurs.
[07/05/2022, 22:50:54] - [ERROR] - Unhandled rejection: SyntaxError: Unexpected token i in JSON at position 0 
[07/05/2022, 22:51:11] - Bot Fenrir#5815 lancé dans 2 serveurs.
[07/05/2022, 22:51:52] - Bot Fenrir#5815 lancé dans 2 serveurs.
[07/05/2022, 22:51:52] - [ERROR] - Unhandled rejection: Error [ERR_MODULE_NOT_FOUND]: Cannot find module 'f:\Romaric\bots\Fenrir RPG\events\interactions\compte.js' imported from f:\Romaric\bots\Fenrir RPG\events\ready.js
Did you mean to import ../../interactions/compte.js? 
[07/05/2022, 22:52:01] - Bot Fenrir#5815 lancé dans 2 serveurs.
[07/05/2022, 22:52:17] - Bot Fenrir#5815 lancé dans 2 serveurs.
[07/05/2022, 22:52:33] - Bot Fenrir#5815 lancé dans 2 serveurs.
[07/05/2022, 22:52:48] - Bot Fenrir#5815 lancé dans 2 serveurs.
[07/05/2022, 22:53:38] - Bot Fenrir#5815 lancé dans 2 serveurs.
[07/05/2022, 22:53:38] - [ERROR] - Unhandled rejection: TypeError: client.guilds.cache.get(...).commands.add is not a function 
[07/05/2022, 22:53:46] - Bot Fenrir#5815 lancé dans 2 serveurs.
[07/05/2022, 22:53:46] - [ERROR] - Unhandled rejection: TypeError: client.guilds.cache.get(...).commands.push is not a function 
[07/05/2022, 22:54:25] - Bot Fenrir#5815 lancé dans 2 serveurs.
[07/05/2022, 22:58:52] - [ERROR] - Unhandled rejection: ReferenceError: SlashCommandBuilder is not defined 
[07/05/2022, 22:59:11] - Bot Fenrir#5815 lancé dans 2 serveurs.
[07/05/2022, 23:00:30] - Bot Fenrir#5815 lancé dans 2 serveurs.
[07/05/2022, 23:01:16] - Bot Fenrir#5815 lancé dans 2 serveurs.
[07/05/2022, 23:02:04] - Bot Fenrir#5815 lancé dans 2 serveurs.
[07/05/2022, 23:03:28] - Bot Fenrir#5815 lancé dans 2 serveurs.
[07/05/2022, 23:03:28] - [ERROR] - Unhandled rejection: TypeError: Cannot read properties of undefined (reading 'toJSON') 
[07/05/2022, 23:03:47] - Bot Fenrir#5815 lancé dans 2 serveurs.
[07/05/2022, 23:04:15] - Bot Fenrir#5815 lancé dans 2 serveurs.
[07/05/2022, 23:05:35] - Bot Fenrir#5815 lancé dans 2 serveurs.
[07/05/2022, 23:06:05] - Bot Fenrir#5815 lancé dans 2 serveurs.
[07/05/2022, 23:06:47] - Bot Fenrir#5815 lancé dans 2 serveurs.
[07/05/2022, 23:08:44] - Bot Fenrir#5815 lancé dans 2 serveurs.
[07/05/2022, 23:09:09] - Bot Fenrir#5815 lancé dans 2 serveurs.
[07/05/2022, 23:09:21] - Bot Fenrir#5815 lancé dans 2 serveurs.
[07/05/2022, 23:09:31] - Bot Fenrir#5815 lancé dans 2 serveurs.
[07/05/2022, 23:09:59] - Bot Fenrir#5815 lancé dans 2 serveurs.
[07/05/2022, 23:10:17] - Bot Fenrir#5815 lancé dans 2 serveurs.
[07/05/2022, 23:36:56] - Bot Fenrir#5815 lancé dans 2 serveurs.
[07/05/2022, 23:37:33] - Bot Fenrir#5815 lancé dans 2 serveurs.
[07/05/2022, 23:38:07] - Bot Fenrir#5815 lancé dans 2 serveurs.
[07/05/2022, 23:38:17] - Bot Fenrir#5815 lancé dans 2 serveurs.
[07/05/2022, 23:38:22] - [ERROR] - Unhandled rejection: ReferenceError: emotes is not defined 
[07/05/2022, 23:40:33] - Bot Fenrir#5815 lancé dans 2 serveurs.
[07/05/2022, 23:45:12] - [ERROR] - Unhandled rejection: Error [ERR_MODULE_NOT_FOUND]: Cannot find module 'f:\Romaric\bots\Fenrir RPG\interactions\functions\rpg.js' imported from f:\Romaric\bots\Fenrir RPG\interactions\compte.js
Did you mean to import ../../functions/rpg.js? 
[07/05/2022, 23:45:24] - Bot Fenrir#5815 lancé dans 2 serveurs.
[07/05/2022, 23:45:31] - [ERROR] - Unhandled rejection: ReferenceError: add is not defined 
[07/05/2022, 23:45:49] - Bot Fenrir#5815 lancé dans 2 serveurs.
[07/05/2022, 23:46:52] - Bot Fenrir#5815 lancé dans 2 serveurs.
[08/05/2022, 08:22:40] - Bot Fenrir#5815 lancé dans 2 serveurs.
[08/05/2022, 08:24:00] - Bot Fenrir#5815 lancé dans 2 serveurs.
[08/05/2022, 08:24:54] - Bot Fenrir#5815 lancé dans 2 serveurs.
[08/05/2022, 08:26:20] - Bot Fenrir#5815 lancé dans 2 serveurs.
[08/05/2022, 08:26:52] - Bot Fenrir#5815 lancé dans 2 serveurs.
[08/05/2022, 08:29:03] - [ERROR] - Unhandled rejection: SyntaxError: Unexpected reserved word 
[08/05/2022, 08:29:42] - [ERROR] - Unhandled rejection: SyntaxError: Unexpected reserved word 
[08/05/2022, 08:30:18] - [ERROR] - Unhandled rejection: SyntaxError: Unexpected reserved word 
[08/05/2022, 08:35:07] - [ERROR] - Unhandled rejection: Error [ERR_MODULE_NOT_FOUND]: Cannot find package '@discordjs/builders' imported from f:\Romaric\bots\Fenrir RPG\interactions\compte.js 
[08/05/2022, 08:35:41] - Bot Fenrir#5815 lancé dans 2 serveurs.
[08/05/2022, 08:35:55] - [ERROR] - Unhandled rejection: SyntaxError: Unexpected reserved word 
[08/05/2022, 08:36:39] - Bot Fenrir#5815 lancé dans 2 serveurs.
[08/05/2022, 08:38:17] - Bot Fenrir#5815 lancé dans 2 serveurs.
[08/05/2022, 08:38:31] - Bot Fenrir#5815 lancé dans 2 serveurs.
[08/05/2022, 08:39:32] - Bot Fenrir#5815 lancé dans 2 serveurs.
[08/05/2022, 08:40:28] - Bot Fenrir#5815 lancé dans 2 serveurs.
[08/05/2022, 08:40:38] - [ERROR] - Unhandled rejection: Error: ER_PARSE_ERROR: You have an error in your SQL syntax; check the manual that corresponds to your MariaDB server version for the right syntax to use near 'SELECT * from users WHERE ID = 458368236799655947' at line 2 
[08/05/2022, 08:40:55] - Bot Fenrir#5815 lancé dans 2 serveurs.
[08/05/2022, 08:41:05] - Bot Fenrir#5815 lancé dans 2 serveurs.
[08/05/2022, 08:41:09] - [ERROR] - Unhandled rejection: Error: ER_PARSE_ERROR: You have an error in your SQL syntax; check the manual that corresponds to your MariaDB server version for the right syntax to use near 'SELECT * from users WHERE ID = 458368236799655947' at line 2 
[08/05/2022, 08:47:24] - Bot Fenrir#5815 lancé dans 2 serveurs.
[08/05/2022, 08:48:01] - Bot Fenrir#5815 lancé dans 2 serveurs.
[08/05/2022, 08:48:06] - [ERROR] - Unhandled rejection: ReferenceError: Functions is not defined 
[08/05/2022, 08:48:23] - Bot Fenrir#5815 lancé dans 2 serveurs.
[08/05/2022, 08:48:36] - [ERROR] - Unhandled rejection: DiscordAPIError: Cannot send an empty message 
[08/05/2022, 08:48:48] - Bot Fenrir#5815 lancé dans 2 serveurs.
[08/05/2022, 14:57:48] - Bot Fenrir#5815 lancé dans 2 serveurs.
[08/05/2022, 15:14:11] - [ERROR] - Unhandled rejection: SyntaxError: Unexpected reserved word 
[08/05/2022, 15:14:22] - Bot Fenrir#5815 lancé dans 2 serveurs.
[08/05/2022, 15:16:53] - Bot Fenrir#5815 lancé dans 2 serveurs.
[08/05/2022, 15:17:18] - Bot Fenrir#5815 lancé dans 2 serveurs.
[08/05/2022, 15:17:40] - Bot Fenrir#5815 lancé dans 2 serveurs.
[08/05/2022, 16:47:48] - Bot Fenrir#5815 lancé dans 2 serveurs.
[08/05/2022, 16:47:54] - [ERROR] - Unhandled rejection: TypeError: Assignment to constant variable. 
[08/05/2022, 16:48:26] - Bot Fenrir#5815 lancé dans 2 serveurs.
[08/05/2022, 16:48:42] - Bot Fenrir#5815 lancé dans 2 serveurs.
[08/05/2022, 16:48:48] - [ERROR] - Unhandled rejection: ReferenceError: message is not defined 
[08/05/2022, 16:49:51] - Bot Fenrir#5815 lancé dans 2 serveurs.
[08/05/2022, 16:49:54] - [ERROR] - Unhandled rejection: ReferenceError: guildMemberr is not defined 
[08/05/2022, 16:50:05] - Bot Fenrir#5815 lancé dans 2 serveurs.
[08/05/2022, 16:50:08] - [ERROR] - Unhandled rejection: ReferenceError: message is not defined 
[08/05/2022, 16:50:28] - Bot Fenrir#5815 lancé dans 2 serveurs.
[08/05/2022, 16:51:35] - Bot Fenrir#5815 lancé dans 2 serveurs.
[08/05/2022, 16:52:13] - Bot Fenrir#5815 lancé dans 2 serveurs.
[08/05/2022, 16:53:08] - Bot Fenrir#5815 lancé dans 2 serveurs.
[08/05/2022, 16:53:13] - [ERROR] - Unhandled rejection: RangeError [EMBED_FOOTER_TEXT]: MessageEmbed footer text must be a string. 
[08/05/2022, 16:53:38] - Bot Fenrir#5815 lancé dans 2 serveurs.
[08/05/2022, 16:57:35] - Bot Fenrir#5815 lancé dans 2 serveurs.
[08/05/2022, 16:57:44] - [ERROR] - Unhandled rejection: TypeError: client.query(...).sort is not a function 
[08/05/2022, 16:58:10] - Bot Fenrir#5815 lancé dans 2 serveurs.
[08/05/2022, 16:58:27] - Bot Fenrir#5815 lancé dans 2 serveurs.
[08/05/2022, 16:59:14] - Bot Fenrir#5815 lancé dans 2 serveurs.
